<?xml version="1.0" encoding="UTF-8" standalone="yes" ?>
<test-results name="E:\Grijjy\GitHub\GrijjyFoundation\UnitTests\Bin\GrijjyFoundationTests.exe" total="1613" errors="0" failures="0" ignored="0" inconclusive="0" not-run="0" skipped="0" invalid="0" date="2017-04-25" time="0.572">
  <culture-info current-culture="en" current-uiculture="en" />
  <test-suite type="Assembly" name="GrijjyFoundationTests.exe" executed="true" result="Success" success="True" time="0.572" asserts="0">
    <results>
        <test-suite type="Namespace" name="Tests" executed="true" result="Success" success="True" time="0.571" asserts="0" >
          <results>
              <test-suite type="Namespace" name="Grijjy" executed="true" result="Success" success="True" time="0.571" asserts="0" >
                <results>
                    <test-suite type="Namespace" name="Bson" executed="true" result="Success" success="True" time="0.413" asserts="0" >
                      <results>
                          <test-suite type="Namespace" name="Serialization" executed="true" result="Success" success="True" time="0.081" asserts="0" >
                            <results>
                                <test-suite type="Fixture" name="TestBsonSerializeGuid" executed="True" result="Success" success="True" time="0.001" >
                                  <results>
                                    <test-case name="TestEmpty" executed="True" result="Success" success="True" time="0.000" asserts="0" />
                                    <test-case name="TestSample" executed="True" result="Success" success="True" time="0.000" asserts="0" />
                                  </results>
                                </test-suite>
                                <test-suite type="Fixture" name="TestBsonSerializePrimitiveTypesInRecord" executed="True" result="Success" success="True" time="0.000" >
                                  <results>
                                    <test-case name="TestAllTypes" executed="True" result="Success" success="True" time="0.001" asserts="0" />
                                  </results>
                                </test-suite>
                                <test-suite type="Fixture" name="TestCustomSerialization" executed="True" result="Success" success="True" time="0.000" >
                                  <results>
                                    <test-case name="TestCustomRecordSerializer" executed="True" result="Success" success="True" time="0.000" asserts="0" />
                                  </results>
                                </test-suite>
                                <test-suite type="Fixture" name="TestBsonSerializeEnum" executed="True" result="Success" success="True" time="0.000" >
                                  <results>
                                    <test-case name="TestA" executed="True" result="Success" success="True" time="0.000" asserts="0" />
                                    <test-case name="TestB" executed="True" result="Success" success="True" time="0.000" asserts="0" />
                                    <test-case name="TestInvalid" executed="True" result="Success" success="True" time="0.000" asserts="0" />
                                  </results>
                                </test-suite>
                                <test-suite type="Fixture" name="TestBsonAttributes" executed="True" result="Success" success="True" time="0.067" >
                                  <results>
                                    <test-case name="TestIgnoreExtraElements" executed="True" result="Success" success="True" time="0.000" asserts="0" />
                                    <test-case name="TestErrorOnExtraElements" executed="True" result="Success" success="True" time="0.065" asserts="0" />
                                    <test-case name="TestReadOnly" executed="True" result="Success" success="True" time="0.000" asserts="0" />
                                    <test-case name="TestElementName" executed="True" result="Success" success="True" time="0.000" asserts="0" />
                                    <test-case name="TestIgnore" executed="True" result="Success" success="True" time="0.000" asserts="0" />
                                    <test-case name="TestIgnoreIfDefault" executed="True" result="Success" success="True" time="0.001" asserts="0" />
                                  </results>
                                </test-suite>
                                <test-suite type="Fixture" name="TestBsonSerializeDateTime" executed="True" result="Success" success="True" time="0.000" >
                                  <results>
                                    <test-case name="TestMin" executed="True" result="Success" success="True" time="0.000" asserts="0" />
                                    <test-case name="TestMax" executed="True" result="Success" success="True" time="0.000" asserts="0" />
                                    <test-case name="TestSample" executed="True" result="Success" success="True" time="0.000" asserts="0" />
                                  </results>
                                </test-suite>
                                <test-suite type="Fixture" name="TestBsonSerializeUInt32" executed="True" result="Success" success="True" time="0.000" >
                                  <results>
                                    <test-case name="TestMin" executed="True" result="Success" success="True" time="0.000" asserts="0" />
                                    <test-case name="TestZero" executed="True" result="Success" success="True" time="0.000" asserts="0" />
                                    <test-case name="TestOne" executed="True" result="Success" success="True" time="0.000" asserts="0" />
                                    <test-case name="TestMax" executed="True" result="Success" success="True" time="0.000" asserts="0" />
                                  </results>
                                </test-suite>
                                <test-suite type="Fixture" name="TestBsonSerializeObjectId" executed="True" result="Success" success="True" time="0.000" >
                                  <results>
                                    <test-case name="TestEmpty" executed="True" result="Success" success="True" time="0.000" asserts="0" />
                                    <test-case name="TestSample" executed="True" result="Success" success="True" time="0.000" asserts="0" />
                                  </results>
                                </test-suite>
                                <test-suite type="Fixture" name="TestBsonStandAloneArray" executed="True" result="Success" success="True" time="0.000" >
                                  <results>
                                    <test-case name="TestSimple" executed="True" result="Success" success="True" time="0.000" asserts="0" />
                                  </results>
                                </test-suite>
                                <test-suite type="Fixture" name="TestBsonSerializeInt32" executed="True" result="Success" success="True" time="0.001" >
                                  <results>
                                    <test-case name="TestMin" executed="True" result="Success" success="True" time="0.000" asserts="0" />
                                    <test-case name="TestMinusOne" executed="True" result="Success" success="True" time="0.000" asserts="0" />
                                    <test-case name="TestZero" executed="True" result="Success" success="True" time="0.000" asserts="0" />
                                    <test-case name="TestOne" executed="True" result="Success" success="True" time="0.000" asserts="0" />
                                    <test-case name="TestMax" executed="True" result="Success" success="True" time="0.000" asserts="0" />
                                  </results>
                                </test-suite>
                                <test-suite type="Fixture" name="TestBsonSerializeUInt16" executed="True" result="Success" success="True" time="0.000" >
                                  <results>
                                    <test-case name="TestMin" executed="True" result="Success" success="True" time="0.001" asserts="0" />
                                    <test-case name="TestZero" executed="True" result="Success" success="True" time="0.000" asserts="0" />
                                    <test-case name="TestOne" executed="True" result="Success" success="True" time="0.000" asserts="0" />
                                    <test-case name="TestMax" executed="True" result="Success" success="True" time="0.000" asserts="0" />
                                  </results>
                                </test-suite>
                                <test-suite type="Fixture" name="TestBsonArrayOfRecord" executed="True" result="Success" success="True" time="0.000" >
                                  <results>
                                    <test-case name="TestEmpty" executed="True" result="Success" success="True" time="0.000" asserts="0" />
                                    <test-case name="TestLength1" executed="True" result="Success" success="True" time="0.000" asserts="0" />
                                    <test-case name="TestLength2" executed="True" result="Success" success="True" time="0.000" asserts="0" />
                                    <test-case name="TestDynArrayProp" executed="True" result="Success" success="True" time="0.000" asserts="0" />
                                  </results>
                                </test-suite>
                                <test-suite type="Fixture" name="TestBsonArrayOfString" executed="True" result="Success" success="True" time="0.000" >
                                  <results>
                                    <test-case name="TestEmpty" executed="True" result="Success" success="True" time="0.000" asserts="0" />
                                    <test-case name="TestLength1" executed="True" result="Success" success="True" time="0.000" asserts="0" />
                                    <test-case name="TestLength2" executed="True" result="Success" success="True" time="0.000" asserts="0" />
                                  </results>
                                </test-suite>
                                <test-suite type="Fixture" name="TestBsonSerializer" executed="True" result="Success" success="True" time="0.000" >
                                  <results>
                                    <test-case name="TestSerializeEmployee" executed="True" result="Success" success="True" time="0.000" asserts="0" />
                                    <test-case name="TestSerializeOrder" executed="True" result="Success" success="True" time="0.000" asserts="0" />
                                  </results>
                                </test-suite>
                                <test-suite type="Fixture" name="TestBsonSerializeUInt8" executed="True" result="Success" success="True" time="0.000" >
                                  <results>
                                    <test-case name="TestMin" executed="True" result="Success" success="True" time="0.000" asserts="0" />
                                    <test-case name="TestZero" executed="True" result="Success" success="True" time="0.000" asserts="0" />
                                    <test-case name="TestOne" executed="True" result="Success" success="True" time="0.000" asserts="0" />
                                    <test-case name="TestMax" executed="True" result="Success" success="True" time="0.000" asserts="0" />
                                  </results>
                                </test-suite>
                                <test-suite type="Fixture" name="TestBsonCircularClass" executed="True" result="Success" success="True" time="0.000" >
                                  <results>
                                    <test-case name="TestCircularClass" executed="True" result="Success" success="True" time="0.000" asserts="0" />
                                  </results>
                                </test-suite>
                                <test-suite type="Fixture" name="TestBsonSerializeBoolean" executed="True" result="Success" success="True" time="0.000" >
                                  <results>
                                    <test-case name="TestFalse" executed="True" result="Success" success="True" time="0.000" asserts="0" />
                                    <test-case name="TestTrue" executed="True" result="Success" success="True" time="0.000" asserts="0" />
                                  </results>
                                </test-suite>
                                <test-suite type="Fixture" name="TestBsonSerializeInt8" executed="True" result="Success" success="True" time="0.000" >
                                  <results>
                                    <test-case name="TestMin" executed="True" result="Success" success="True" time="0.000" asserts="0" />
                                    <test-case name="TestMinusOne" executed="True" result="Success" success="True" time="0.000" asserts="0" />
                                    <test-case name="TestZero" executed="True" result="Success" success="True" time="0.000" asserts="0" />
                                    <test-case name="TestOne" executed="True" result="Success" success="True" time="0.000" asserts="0" />
                                    <test-case name="TestMax" executed="True" result="Success" success="True" time="0.000" asserts="0" />
                                  </results>
                                </test-suite>
                                <test-suite type="Fixture" name="TestBsonPolymorphicClasses" executed="True" result="Success" success="True" time="0.003" >
                                  <results>
                                    <test-case name="TestSerializeTCasTC" executed="True" result="Success" success="True" time="0.000" asserts="0" />
                                    <test-case name="TestSerializeTCasTA" executed="True" result="Success" success="True" time="0.000" asserts="0" />
                                    <test-case name="TestSerializeTDasTA" executed="True" result="Success" success="True" time="0.000" asserts="0" />
                                    <test-case name="TestSerializeTDasTB" executed="True" result="Success" success="True" time="0.000" asserts="0" />
                                    <test-case name="TestSerializeTDasTD" executed="True" result="Success" success="True" time="0.000" asserts="0" />
                                    <test-case name="TestSerializeTEasTA" executed="True" result="Success" success="True" time="0.000" asserts="0" />
                                    <test-case name="TestSerializeTEasTB" executed="True" result="Success" success="True" time="0.000" asserts="0" />
                                    <test-case name="TestSerializeTEasTE" executed="True" result="Success" success="True" time="0.000" asserts="0" />
                                    <test-case name="TestSerializeTTwithNil" executed="True" result="Success" success="True" time="0.000" asserts="0" />
                                    <test-case name="TestSerializeTTwithTC" executed="True" result="Success" success="True" time="0.000" asserts="0" />
                                    <test-case name="TestSerializeTTwithTD" executed="True" result="Success" success="True" time="0.000" asserts="0" />
                                    <test-case name="TestSerializeTTwithTE" executed="True" result="Success" success="True" time="0.000" asserts="0" />
                                    <test-case name="TestUnknownDiscriminator" executed="True" result="Success" success="True" time="0.002" asserts="0" />
                                  </results>
                                </test-suite>
                                <test-suite type="Fixture" name="TestBsonRecord" executed="True" result="Success" success="True" time="0.000" >
                                  <results>
                                    <test-case name="TestRecord" executed="True" result="Success" success="True" time="0.000" asserts="0" />
                                  </results>
                                </test-suite>
                                <test-suite type="Fixture" name="TestBsonSerializeChar" executed="True" result="Success" success="True" time="0.000" >
                                  <results>
                                    <test-case name="TestZero" executed="True" result="Success" success="True" time="0.000" asserts="0" />
                                    <test-case name="TestOne" executed="True" result="Success" success="True" time="0.000" asserts="0" />
                                    <test-case name="TestA" executed="True" result="Success" success="True" time="0.000" asserts="0" />
                                    <test-case name="TestMax" executed="True" result="Success" success="True" time="0.000" asserts="0" />
                                  </results>
                                </test-suite>
                                <test-suite type="Fixture" name="TestBsonSerializeString" executed="True" result="Success" success="True" time="0.000" >
                                  <results>
                                    <test-case name="TestEmpty" executed="True" result="Success" success="True" time="0.000" asserts="0" />
                                    <test-case name="TestHelloWorld" executed="True" result="Success" success="True" time="0.000" asserts="0" />
                                    <test-case name="TestObjectId" executed="True" result="Success" success="True" time="0.000" asserts="0" />
                                  </results>
                                </test-suite>
                                <test-suite type="Fixture" name="TestBsonArrayOfEnum" executed="True" result="Success" success="True" time="0.000" >
                                  <results>
                                    <test-case name="TestEmpty" executed="True" result="Success" success="True" time="0.000" asserts="0" />
                                    <test-case name="TestLength1" executed="True" result="Success" success="True" time="0.000" asserts="0" />
                                    <test-case name="TestLength2" executed="True" result="Success" success="True" time="0.000" asserts="0" />
                                  </results>
                                </test-suite>
                                <test-suite type="Fixture" name="TestBsonSerializeInt16" executed="True" result="Success" success="True" time="0.001" >
                                  <results>
                                    <test-case name="TestMin" executed="True" result="Success" success="True" time="0.000" asserts="0" />
                                    <test-case name="TestMinusOne" executed="True" result="Success" success="True" time="0.001" asserts="0" />
                                    <test-case name="TestZero" executed="True" result="Success" success="True" time="0.000" asserts="0" />
                                    <test-case name="TestOne" executed="True" result="Success" success="True" time="0.000" asserts="0" />
                                    <test-case name="TestMax" executed="True" result="Success" success="True" time="0.000" asserts="0" />
                                  </results>
                                </test-suite>
                                <test-suite type="Fixture" name="TestBsonSerializeUInt64" executed="True" result="Success" success="True" time="0.000" >
                                  <results>
                                    <test-case name="TestMin" executed="True" result="Success" success="True" time="0.000" asserts="0" />
                                    <test-case name="TestZero" executed="True" result="Success" success="True" time="0.000" asserts="0" />
                                    <test-case name="TestOne" executed="True" result="Success" success="True" time="0.000" asserts="0" />
                                    <test-case name="TestMax" executed="True" result="Success" success="True" time="0.000" asserts="0" />
                                  </results>
                                </test-suite>
                                <test-suite type="Fixture" name="TestBsonSerializeSingle" executed="True" result="Success" success="True" time="0.001" >
                                  <results>
                                    <test-case name="TestMin" executed="True" result="Success" success="True" time="0.000" asserts="0" />
                                    <test-case name="TestMinusOne" executed="True" result="Success" success="True" time="0.000" asserts="0" />
                                    <test-case name="TestZero" executed="True" result="Success" success="True" time="0.000" asserts="0" />
                                    <test-case name="TestOne" executed="True" result="Success" success="True" time="0.000" asserts="0" />
                                    <test-case name="TestOnePointFive" executed="True" result="Success" success="True" time="0.000" asserts="0" />
                                    <test-case name="TestMax" executed="True" result="Success" success="True" time="0.000" asserts="0" />
                                    <test-case name="TestNaN" executed="True" result="Success" success="True" time="0.000" asserts="0" />
                                    <test-case name="TestNegativeInfinity" executed="True" result="Success" success="True" time="0.000" asserts="0" />
                                    <test-case name="TestPositiveInfinity" executed="True" result="Success" success="True" time="0.000" asserts="0" />
                                  </results>
                                </test-suite>
                                <test-suite type="Fixture" name="TestBsonArrayOfInteger" executed="True" result="Success" success="True" time="0.000" >
                                  <results>
                                    <test-case name="TestEmpty" executed="True" result="Success" success="True" time="0.000" asserts="0" />
                                    <test-case name="TestLength1" executed="True" result="Success" success="True" time="0.000" asserts="0" />
                                    <test-case name="TestLength9" executed="True" result="Success" success="True" time="0.000" asserts="0" />
                                  </results>
                                </test-suite>
                                <test-suite type="Fixture" name="TestBsonArrayOfObject" executed="True" result="Success" success="True" time="0.000" >
                                  <results>
                                    <test-case name="TestEmpty" executed="True" result="Success" success="True" time="0.000" asserts="0" />
                                    <test-case name="TestLength1" executed="True" result="Success" success="True" time="0.000" asserts="0" />
                                    <test-case name="TestLength2" executed="True" result="Success" success="True" time="0.000" asserts="0" />
                                  </results>
                                </test-suite>
                                <test-suite type="Fixture" name="TestBsonSerializeInt64" executed="True" result="Success" success="True" time="0.000" >
                                  <results>
                                    <test-case name="TestMin" executed="True" result="Success" success="True" time="0.000" asserts="0" />
                                    <test-case name="TestMinusOne" executed="True" result="Success" success="True" time="0.000" asserts="0" />
                                    <test-case name="TestZero" executed="True" result="Success" success="True" time="0.000" asserts="0" />
                                    <test-case name="TestOne" executed="True" result="Success" success="True" time="0.000" asserts="0" />
                                    <test-case name="TestMax" executed="True" result="Success" success="True" time="0.000" asserts="0" />
                                  </results>
                                </test-suite>
                                <test-suite type="Fixture" name="TestBsonSerializeDouble" executed="True" result="Success" success="True" time="0.001" >
                                  <results>
                                    <test-case name="TestMin" executed="True" result="Success" success="True" time="0.000" asserts="0" />
                                    <test-case name="TestMinusOne" executed="True" result="Success" success="True" time="0.000" asserts="0" />
                                    <test-case name="TestZero" executed="True" result="Success" success="True" time="0.000" asserts="0" />
                                    <test-case name="TestOne" executed="True" result="Success" success="True" time="0.000" asserts="0" />
                                    <test-case name="TestOnePointFive" executed="True" result="Success" success="True" time="0.000" asserts="0" />
                                    <test-case name="TestMax" executed="True" result="Success" success="True" time="0.000" asserts="0" />
                                    <test-case name="TestNaN" executed="True" result="Success" success="True" time="0.000" asserts="0" />
                                    <test-case name="TestNegativeInfinity" executed="True" result="Success" success="True" time="0.000" asserts="0" />
                                    <test-case name="TestPositiveInfinity" executed="True" result="Success" success="True" time="0.000" asserts="0" />
                                  </results>
                                </test-suite>
                                <test-suite type="Fixture" name="TestBsonSerializeSet" executed="True" result="Success" success="True" time="0.000" >
                                  <results>
                                    <test-case name="TestEmpty" executed="True" result="Success" success="True" time="0.000" asserts="0" />
                                    <test-case name="TestA" executed="True" result="Success" success="True" time="0.000" asserts="0" />
                                    <test-case name="TestB" executed="True" result="Success" success="True" time="0.000" asserts="0" />
                                    <test-case name="TestAB" executed="True" result="Success" success="True" time="0.000" asserts="0" />
                                  </results>
                                </test-suite>
                                <test-suite type="Fixture" name="TestBsonSerializeTBytes" executed="True" result="Success" success="True" time="0.000" >
                                  <results>
                                    <test-case name="TestEmpty" executed="True" result="Success" success="True" time="0.000" asserts="0" />
                                    <test-case name="TestLengthOne" executed="True" result="Success" success="True" time="0.000" asserts="0" />
                                    <test-case name="TestLengthTwo" executed="True" result="Success" success="True" time="0.000" asserts="0" />
                                    <test-case name="TestLengthNine" executed="True" result="Success" success="True" time="0.000" asserts="0" />
                                  </results>
                                </test-suite>
                                <test-suite type="Fixture" name="TestBsonSerializePrimitiveTypesInClass" executed="True" result="Success" success="True" time="0.000" >
                                  <results>
                                    <test-case name="TestAllTypes" executed="True" result="Success" success="True" time="0.000" asserts="0" />
                                  </results>
                                </test-suite>
                                <test-suite type="Fixture" name="TestBsonObject" executed="True" result="Success" success="True" time="0.000" >
                                  <results>
                                    <test-case name="TestNilToNil" executed="True" result="Success" success="True" time="0.000" asserts="0" />
                                    <test-case name="TestNilToObject" executed="True" result="Success" success="True" time="0.000" asserts="0" />
                                    <test-case name="TestObjectToNil" executed="True" result="Success" success="True" time="0.000" asserts="0" />
                                    <test-case name="TestObjectToObject" executed="True" result="Success" success="True" time="0.000" asserts="0" />
                                  </results>
                                </test-suite>
                            </results>
                          </test-suite>
                          <test-suite type="Namespace" name="IO" executed="true" result="Success" success="True" time="0.214" asserts="0" >
                            <results>
                                <test-suite type="Fixture" name="TestJsonWriter" executed="True" result="Success" success="True" time="0.003" >
                                  <results>
                                    <test-case name="JsonWriterShouldSupportWritingMultipleDocuments" executed="True" result="Success" success="True" time="0.000" asserts="0" />
                                    <test-case name="TestEmptyDocument" executed="True" result="Success" success="True" time="0.000" asserts="0" />
                                    <test-case name="TestSingleString" executed="True" result="Success" success="True" time="0.000" asserts="0" />
                                    <test-case name="TestPrettyPrintedEmptyDocument" executed="True" result="Success" success="True" time="0.000" asserts="0" />
                                    <test-case name="TestPrettyPrintedOneElement" executed="True" result="Success" success="True" time="0.000" asserts="0" />
                                    <test-case name="TestPrettyPrintedTwoElements" executed="True" result="Success" success="True" time="0.000" asserts="0" />
                                    <test-case name="TestDouble" executed="True" result="Success" success="True" time="0.000" asserts="0" />
                                    <test-case name="TestInt64Shell" executed="True" result="Success" success="True" time="0.000" asserts="0" />
                                    <test-case name="TestInt64Strict" executed="True" result="Success" success="True" time="0.000" asserts="0" />
                                    <test-case name="TestEmbeddedDocument" executed="True" result="Success" success="True" time="0.000" asserts="0" />
                                    <test-case name="TestPrettyPrintedEmbeddedDocument" executed="True" result="Success" success="True" time="0.000" asserts="0" />
                                    <test-case name="TestArray" executed="True" result="Success" success="True" time="0.000" asserts="0" />
                                    <test-case name="TestBinaryShell" executed="True" result="Success" success="True" time="0.000" asserts="0" />
                                    <test-case name="TestBinaryStrict" executed="True" result="Success" success="True" time="0.000" asserts="0" />
                                    <test-case name="TestDateTimeShell" executed="True" result="Success" success="True" time="0.000" asserts="0" />
                                    <test-case name="TestDateTimeStrict" executed="True" result="Success" success="True" time="0.000" asserts="0" />
                                    <test-case name="TestJavaScript" executed="True" result="Success" success="True" time="0.000" asserts="0" />
                                    <test-case name="TestJavaScriptWithScope" executed="True" result="Success" success="True" time="0.000" asserts="0" />
                                    <test-case name="TestGuid" executed="True" result="Success" success="True" time="0.000" asserts="0" />
                                    <test-case name="TestMaxKey" executed="True" result="Success" success="True" time="0.000" asserts="0" />
                                    <test-case name="TestMinKey" executed="True" result="Success" success="True" time="0.000" asserts="0" />
                                    <test-case name="TestNull" executed="True" result="Success" success="True" time="0.000" asserts="0" />
                                    <test-case name="TestObjectIdShell" executed="True" result="Success" success="True" time="0.000" asserts="0" />
                                    <test-case name="TestObjectIdStrict" executed="True" result="Success" success="True" time="0.000" asserts="0" />
                                    <test-case name="TestRegularExpressionShell" executed="True" result="Success" success="True" time="0.000" asserts="0" />
                                    <test-case name="TestRegularExpressionStrict" executed="True" result="Success" success="True" time="0.000" asserts="0" />
                                    <test-case name="TestString" executed="True" result="Success" success="True" time="0.000" asserts="0" />
                                    <test-case name="TestSymbol" executed="True" result="Success" success="True" time="0.000" asserts="0" />
                                    <test-case name="TestTimestamp" executed="True" result="Success" success="True" time="0.000" asserts="0" />
                                    <test-case name="TestUndefined" executed="True" result="Success" success="True" time="0.000" asserts="0" />
                                    <test-case name="TestSampleDocument" executed="True" result="Success" success="True" time="0.000" asserts="0" />
                                  </results>
                                </test-suite>
                                <test-suite type="Fixture" name="TestBsonWriter" executed="True" result="Success" success="True" time="0.000" >
                                  <results>
                                    <test-case name="BsonWriterShouldSupportWritingMultipleDocuments" executed="True" result="Success" success="True" time="0.000" asserts="0" />
                                  </results>
                                </test-suite>
                                <test-suite type="Fixture" name="TestBsonBuffer" executed="True" result="Success" success="True" time="0.044" >
                                  <results>
                                    <test-case name="TestReadCStringEmpty" executed="True" result="Success" success="True" time="0.000" asserts="0" />
                                    <test-case name="TestReadCStringOneCharacter" executed="True" result="Success" success="True" time="0.000" asserts="0" />
                                    <test-case name="TestReadCStringOneCharacterDecoderException" executed="True" result="Success" success="True" time="0.019" asserts="0" />
                                    <test-case name="TestReadCStringTwoCharacters" executed="True" result="Success" success="True" time="0.000" asserts="0" />
                                    <test-case name="TestReadCStringTwoCharactersDecoderException" executed="True" result="Success" success="True" time="0.002" asserts="0" />
                                    <test-case name="TestReadStringEmpty" executed="True" result="Success" success="True" time="0.000" asserts="0" />
                                    <test-case name="TestReadStringInvalidLength" executed="True" result="Success" success="True" time="0.018" asserts="0" />
                                    <test-case name="TestReadStringMissingNullTerminator" executed="True" result="Success" success="True" time="0.002" asserts="0" />
                                    <test-case name="TestReadStringOneCharacter" executed="True" result="Success" success="True" time="0.000" asserts="0" />
                                    <test-case name="TestReadStringOneCharacterDecoderException" executed="True" result="Success" success="True" time="0.001" asserts="0" />
                                    <test-case name="TestReadStringTwoCharacters" executed="True" result="Success" success="True" time="0.000" asserts="0" />
                                    <test-case name="TestReadStringTwoCharactersDecoderException" executed="True" result="Success" success="True" time="0.001" asserts="0" />
                                  </results>
                                </test-suite>
                                <test-suite type="Fixture" name="TestJsonData" executed="True" result="Success" success="True" time="0.045" >
                                  <results>
                                    <test-case name="test_array_01" executed="True" result="Success" success="True" time="0.001" asserts="0" />
                                    <test-case name="test_array_02" executed="True" result="Success" success="True" time="0.000" asserts="0" />
                                    <test-case name="test_array_03" executed="True" result="Success" success="True" time="0.000" asserts="0" />
                                    <test-case name="test_array_04" executed="True" result="Success" success="True" time="0.000" asserts="0" />
                                    <test-case name="test_array_05" executed="True" result="Success" success="True" time="0.000" asserts="0" />
                                    <test-case name="test_array_06" executed="True" result="Success" success="True" time="0.000" asserts="0" />
                                    <test-case name="test_basic_03" executed="True" result="Success" success="True" time="0.000" asserts="0" />
                                    <test-case name="test_basic_04" executed="True" result="Success" success="True" time="0.000" asserts="0" />
                                    <test-case name="test_basic_05" executed="True" result="Success" success="True" time="0.000" asserts="0" />
                                    <test-case name="test_basic_06" executed="True" result="Success" success="True" time="0.000" asserts="0" />
                                    <test-case name="test_basic_07" executed="True" result="Success" success="True" time="0.000" asserts="0" />
                                    <test-case name="test_complex_01" executed="True" result="Success" success="True" time="0.000" asserts="0" />
                                    <test-case name="test_integer_01" executed="True" result="Success" success="True" time="0.000" asserts="0" />
                                    <test-case name="test_integer_02" executed="True" result="Success" success="True" time="0.000" asserts="0" />
                                    <test-case name="test_integer_03" executed="True" result="Success" success="True" time="0.000" asserts="0" />
                                    <test-case name="test_integer_04" executed="True" result="Success" success="True" time="0.000" asserts="0" />
                                    <test-case name="test_integer_05" executed="True" result="Success" success="True" time="0.000" asserts="0" />
                                    <test-case name="test_large_01" executed="True" result="Success" success="True" time="0.038" asserts="0" />
                                    <test-case name="test_object_01" executed="True" result="Success" success="True" time="0.000" asserts="0" />
                                    <test-case name="test_object_02" executed="True" result="Success" success="True" time="0.000" asserts="0" />
                                    <test-case name="test_object_03" executed="True" result="Success" success="True" time="0.000" asserts="0" />
                                    <test-case name="test_object_04" executed="True" result="Success" success="True" time="0.000" asserts="0" />
                                    <test-case name="test_real_01" executed="True" result="Success" success="True" time="0.000" asserts="0" />
                                    <test-case name="test_real_02" executed="True" result="Success" success="True" time="0.000" asserts="0" />
                                    <test-case name="test_real_03" executed="True" result="Success" success="True" time="0.000" asserts="0" />
                                    <test-case name="test_real_04" executed="True" result="Success" success="True" time="0.000" asserts="0" />
                                    <test-case name="test_real_05" executed="True" result="Success" success="True" time="0.000" asserts="0" />
                                    <test-case name="test_real_06" executed="True" result="Success" success="True" time="0.000" asserts="0" />
                                    <test-case name="test_real_07" executed="True" result="Success" success="True" time="0.000" asserts="0" />
                                    <test-case name="test_string_01" executed="True" result="Success" success="True" time="0.000" asserts="0" />
                                    <test-case name="test_string_02" executed="True" result="Success" success="True" time="0.000" asserts="0" />
                                    <test-case name="test_string_unicode_01" executed="True" result="Success" success="True" time="0.000" asserts="0" />
                                    <test-case name="test_string_unicode_02" executed="True" result="Success" success="True" time="0.000" asserts="0" />
                                    <test-case name="test_string_unicode_03" executed="True" result="Success" success="True" time="0.000" asserts="0" />
                                    <test-case name="test_string_unicode_04" executed="True" result="Success" success="True" time="0.000" asserts="0" />
                                    <test-case name="test_string_unicode_05" executed="True" result="Success" success="True" time="0.000" asserts="0" />
                                  </results>
                                </test-suite>
                                <test-suite type="Fixture" name="TestBsonReader" executed="True" result="Success" success="True" time="0.015" >
                                  <results>
                                    <test-case name="BsonReaderShouldSupportReadingMultipleDocuments" executed="True" result="Success" success="True" time="0.000" asserts="0" />
                                    <test-case name="ReadBsonTypeShouldThrowWhenBsonTypeIsInvalid" executed="True" result="Success" success="True" time="0.014" asserts="0" />
                                    <test-case name="TestHelloWorld" executed="True" result="Success" success="True" time="0.000" asserts="0" />
                                    <test-case name="TestBsonAwesome" executed="True" result="Success" success="True" time="0.000" asserts="0" />
                                    <test-case name="TestIsAtEndOfFileWithTwoDocuments" executed="True" result="Success" success="True" time="0.000" asserts="0" />
                                    <test-case name="TestBookmark" executed="True" result="Success" success="True" time="0.001" asserts="0" />
                                  </results>
                                </test-suite>
                                <test-suite type="Fixture" name="TestBsonDocumentReader" executed="True" result="Success" success="True" time="0.002" >
                                  <results>
                                    <test-case name="TestEmptyDocument" executed="True" result="Success" success="True" time="0.000" asserts="0" />
                                    <test-case name="TestSingleString" executed="True" result="Success" success="True" time="0.000" asserts="0" />
                                    <test-case name="TestEmbeddedDocument" executed="True" result="Success" success="True" time="0.000" asserts="0" />
                                    <test-case name="TestArray" executed="True" result="Success" success="True" time="0.000" asserts="0" />
                                    <test-case name="TestDateTime" executed="True" result="Success" success="True" time="0.000" asserts="0" />
                                    <test-case name="TestBinary" executed="True" result="Success" success="True" time="0.000" asserts="0" />
                                    <test-case name="TestJavaScript" executed="True" result="Success" success="True" time="0.000" asserts="0" />
                                    <test-case name="TestJavaScriptWithScope" executed="True" result="Success" success="True" time="0.000" asserts="0" />
                                    <test-case name="TestGuid" executed="True" result="Success" success="True" time="0.000" asserts="0" />
                                    <test-case name="TestEndOfStream" executed="True" result="Success" success="True" time="0.000" asserts="0" />
                                    <test-case name="TestMaxKey" executed="True" result="Success" success="True" time="0.000" asserts="0" />
                                    <test-case name="TestMinKey" executed="True" result="Success" success="True" time="0.000" asserts="0" />
                                    <test-case name="TestNull" executed="True" result="Success" success="True" time="0.000" asserts="0" />
                                    <test-case name="TestSymbol" executed="True" result="Success" success="True" time="0.000" asserts="0" />
                                    <test-case name="TestTimestamp" executed="True" result="Success" success="True" time="0.000" asserts="0" />
                                    <test-case name="TestBoolean" executed="True" result="Success" success="True" time="0.000" asserts="0" />
                                    <test-case name="TestBytes" executed="True" result="Success" success="True" time="0.000" asserts="0" />
                                    <test-case name="TestDouble" executed="True" result="Success" success="True" time="0.000" asserts="0" />
                                    <test-case name="TestObjectId" executed="True" result="Success" success="True" time="0.000" asserts="0" />
                                    <test-case name="TestRegularExpression" executed="True" result="Success" success="True" time="0.000" asserts="0" />
                                    <test-case name="TestUndefined" executed="True" result="Success" success="True" time="0.000" asserts="0" />
                                    <test-case name="TestBookmark" executed="True" result="Success" success="True" time="0.000" asserts="0" />
                                  </results>
                                </test-suite>
                                <test-suite type="Fixture" name="TestJsonChecker" executed="True" result="Success" success="True" time="0.095" >
                                  <results>
                                    <test-case name="test_fail2" executed="True" result="Success" success="True" time="0.064" asserts="0" />
                                    <test-case name="test_fail5" executed="True" result="Success" success="True" time="0.002" asserts="0" />
                                    <test-case name="test_fail6" executed="True" result="Success" success="True" time="0.001" asserts="0" />
                                    <test-case name="test_fail11" executed="True" result="Success" success="True" time="0.002" asserts="0" />
                                    <test-case name="test_fail12" executed="True" result="Success" success="True" time="0.001" asserts="0" />
                                    <test-case name="test_fail13" executed="True" result="Success" success="True" time="0.002" asserts="0" />
                                    <test-case name="test_fail14" executed="True" result="Success" success="True" time="0.001" asserts="0" />
                                    <test-case name="test_fail15" executed="True" result="Success" success="True" time="0.001" asserts="0" />
                                    <test-case name="test_fail16" executed="True" result="Success" success="True" time="0.002" asserts="0" />
                                    <test-case name="test_fail17" executed="True" result="Success" success="True" time="0.001" asserts="0" />
                                    <test-case name="test_fail20" executed="True" result="Success" success="True" time="0.002" asserts="0" />
                                    <test-case name="test_fail21" executed="True" result="Success" success="True" time="0.002" asserts="0" />
                                    <test-case name="test_fail22" executed="True" result="Success" success="True" time="0.001" asserts="0" />
                                    <test-case name="test_fail23" executed="True" result="Success" success="True" time="0.001" asserts="0" />
                                    <test-case name="test_fail26" executed="True" result="Success" success="True" time="0.001" asserts="0" />
                                    <test-case name="test_fail28" executed="True" result="Success" success="True" time="0.001" asserts="0" />
                                    <test-case name="test_fail29" executed="True" result="Success" success="True" time="0.002" asserts="0" />
                                    <test-case name="test_fail30" executed="True" result="Success" success="True" time="0.001" asserts="0" />
                                    <test-case name="test_fail31" executed="True" result="Success" success="True" time="0.002" asserts="0" />
                                    <test-case name="test_fail32" executed="True" result="Success" success="True" time="0.001" asserts="0" />
                                    <test-case name="test_fail33" executed="True" result="Success" success="True" time="0.001" asserts="0" />
                                    <test-case name="test_pass1" executed="True" result="Success" success="True" time="0.001" asserts="0" />
                                    <test-case name="test_pass2" executed="True" result="Success" success="True" time="0.000" asserts="0" />
                                    <test-case name="test_pass3" executed="True" result="Success" success="True" time="0.000" asserts="0" />
                                  </results>
                                </test-suite>
                                <test-suite type="Fixture" name="TestBsonRoundTrip" executed="True" result="Success" success="True" time="0.000" >
                                  <results>
                                    <test-case name="TestHelloWorld" executed="True" result="Success" success="True" time="0.000" asserts="0" />
                                    <test-case name="TestBsonIsAwesome" executed="True" result="Success" success="True" time="0.000" asserts="0" />
                                    <test-case name="TestAllTypes" executed="True" result="Success" success="True" time="0.000" asserts="0" />
                                  </results>
                                </test-suite>
                                <test-suite type="Fixture" name="TestArrayElementNameAccelerator" executed="True" result="Success" success="True" time="0.001" >
                                  <results>
                                    <test-case name="GetElementNameBytesShouldReturnExpectedResult" executed="True" result="Success" success="True" time="0.001" asserts="0" />
                                    <test-case name="GetElementNameBytesShouldReturnExpectedResultForBoundaryConditions" executed="True" result="Success" success="True" time="0.000" asserts="0" />
                                    <test-case name="GetElementNameBytesShouldReturnNewByteArrayWhenNotCached" executed="True" result="Success" success="True" time="0.000" asserts="0" />
                                    <test-case name="GetElementNameBytesShouldReturnSameByteArrayWhenCached" executed="True" result="Success" success="True" time="0.000" asserts="0" />
                                  </results>
                                </test-suite>
                                <test-suite type="Fixture" name="TestJsonToBson" executed="True" result="Success" success="True" time="0.002" >
                                  <results>
                                    <test-case name="TestSingleTypes" executed="True" result="Success" success="True" time="0.002" asserts="0" />
                                    <test-case name="TestAllTypes" executed="True" result="Success" success="True" time="0.000" asserts="0" />
                                  </results>
                                </test-suite>
                                <test-suite type="Fixture" name="TestJsonReader" executed="True" result="Success" success="True" time="0.003" >
                                  <results>
                                    <test-case name="JsonReaderShouldSupportReadingMultipleDocuments" executed="True" result="Success" success="True" time="0.000" asserts="0" />
                                    <test-case name="TestArrayEmpty" executed="True" result="Success" success="True" time="0.000" asserts="0" />
                                    <test-case name="TestArrayOneElement" executed="True" result="Success" success="True" time="0.000" asserts="0" />
                                    <test-case name="TestArrayTwoElements" executed="True" result="Success" success="True" time="0.000" asserts="0" />
                                    <test-case name="TestBinaryData" executed="True" result="Success" success="True" time="0.000" asserts="0" />
                                    <test-case name="TestBooleanFalse" executed="True" result="Success" success="True" time="0.000" asserts="0" />
                                    <test-case name="TestBooleanTrue" executed="True" result="Success" success="True" time="0.000" asserts="0" />
                                    <test-case name="TestDateTime" executed="True" result="Success" success="True" time="0.000" asserts="0" />
                                    <test-case name="TestDateTimeStrict" executed="True" result="Success" success="True" time="0.000" asserts="0" />
                                    <test-case name="TestDateTimeIso8601" executed="True" result="Success" success="True" time="0.000" asserts="0" />
                                    <test-case name="TestDocumentEmpty" executed="True" result="Success" success="True" time="0.000" asserts="0" />
                                    <test-case name="TestDocumentNested" executed="True" result="Success" success="True" time="0.000" asserts="0" />
                                    <test-case name="TestDocumentOneElement" executed="True" result="Success" success="True" time="0.000" asserts="0" />
                                    <test-case name="TestDocumentTwoElements" executed="True" result="Success" success="True" time="0.000" asserts="0" />
                                    <test-case name="TestDouble" executed="True" result="Success" success="True" time="0.000" asserts="0" />
                                    <test-case name="TestGuid" executed="True" result="Success" success="True" time="0.000" asserts="0" />
                                    <test-case name="TestHexData" executed="True" result="Success" success="True" time="0.000" asserts="0" />
                                    <test-case name="TestInt32" executed="True" result="Success" success="True" time="0.000" asserts="0" />
                                    <test-case name="TestInt32Constructor" executed="True" result="Success" success="True" time="0.000" asserts="0" />
                                    <test-case name="TestInt64" executed="True" result="Success" success="True" time="0.000" asserts="0" />
                                    <test-case name="TestEndOfStreamWithTwoArrays" executed="True" result="Success" success="True" time="0.000" asserts="0" />
                                    <test-case name="TestEndOfStreamWithTwoDocuments" executed="True" result="Success" success="True" time="0.000" asserts="0" />
                                    <test-case name="TestJavaScript" executed="True" result="Success" success="True" time="0.000" asserts="0" />
                                    <test-case name="TestJavaScriptWithScope" executed="True" result="Success" success="True" time="0.000" asserts="0" />
                                    <test-case name="TestMaxKey" executed="True" result="Success" success="True" time="0.000" asserts="0" />
                                    <test-case name="TestMinKey" executed="True" result="Success" success="True" time="0.000" asserts="0" />
                                    <test-case name="TestNestedArray" executed="True" result="Success" success="True" time="0.000" asserts="0" />
                                    <test-case name="TestNestedDocument" executed="True" result="Success" success="True" time="0.000" asserts="0" />
                                    <test-case name="TestNull" executed="True" result="Success" success="True" time="0.000" asserts="0" />
                                    <test-case name="TestObjectId" executed="True" result="Success" success="True" time="0.000" asserts="0" />
                                    <test-case name="TestRegularExpressions" executed="True" result="Success" success="True" time="0.000" asserts="0" />
                                    <test-case name="TestRegularExpressionShell" executed="True" result="Success" success="True" time="0.000" asserts="0" />
                                    <test-case name="TestRegularExpressionStrict" executed="True" result="Success" success="True" time="0.000" asserts="0" />
                                    <test-case name="TestString" executed="True" result="Success" success="True" time="0.000" asserts="0" />
                                    <test-case name="TestStringEmpty" executed="True" result="Success" success="True" time="0.000" asserts="0" />
                                    <test-case name="TestSymbol" executed="True" result="Success" success="True" time="0.000" asserts="0" />
                                    <test-case name="TestTimestamp" executed="True" result="Success" success="True" time="0.000" asserts="0" />
                                    <test-case name="TestTimestampConstructor" executed="True" result="Success" success="True" time="0.000" asserts="0" />
                                    <test-case name="TestTimestampExtendedJsonNew" executed="True" result="Success" success="True" time="0.000" asserts="0" />
                                    <test-case name="TestTimestampExtendedJsonOld" executed="True" result="Success" success="True" time="0.000" asserts="0" />
                                    <test-case name="TestUndefined" executed="True" result="Success" success="True" time="0.000" asserts="0" />
                                    <test-case name="TestBookmark" executed="True" result="Success" success="True" time="0.000" asserts="0" />
                                  </results>
                                </test-suite>
                                <test-suite type="Fixture" name="TestBsonDocumentWriter" executed="True" result="Success" success="True" time="0.003" >
                                  <results>
                                    <test-case name="TestOneEmptyArray" executed="True" result="Success" success="True" time="0.000" asserts="0" />
                                    <test-case name="TestOneNestedEmptyArray" executed="True" result="Success" success="True" time="0.000" asserts="0" />
                                    <test-case name="TestTwoEmptyArrays" executed="True" result="Success" success="True" time="0.000" asserts="0" />
                                    <test-case name="TestTwoNestedEmptyArrays" executed="True" result="Success" success="True" time="0.000" asserts="0" />
                                    <test-case name="TestEmptyDocument" executed="True" result="Success" success="True" time="0.000" asserts="0" />
                                    <test-case name="TestOneEmptyDocument" executed="True" result="Success" success="True" time="0.000" asserts="0" />
                                    <test-case name="TestOneNestedEmptyDocument" executed="True" result="Success" success="True" time="0.000" asserts="0" />
                                    <test-case name="TestTwoEmptyDocuments" executed="True" result="Success" success="True" time="0.000" asserts="0" />
                                    <test-case name="TestTwoNestedEmptyDocuments" executed="True" result="Success" success="True" time="0.000" asserts="0" />
                                    <test-case name="TestArrayWithOneElement" executed="True" result="Success" success="True" time="0.000" asserts="0" />
                                    <test-case name="TestArrayWithTwoElements" executed="True" result="Success" success="True" time="0.000" asserts="0" />
                                    <test-case name="TestArrayWithNestedEmptyArray" executed="True" result="Success" success="True" time="0.000" asserts="0" />
                                    <test-case name="TestArrayWithNestedArrayWithOneElement" executed="True" result="Success" success="True" time="0.000" asserts="0" />
                                    <test-case name="TestArrayWithNestedArrayWithTwoElements" executed="True" result="Success" success="True" time="0.000" asserts="0" />
                                    <test-case name="TestArrayWithTwoNestedArrays" executed="True" result="Success" success="True" time="0.000" asserts="0" />
                                    <test-case name="TestOneBinary" executed="True" result="Success" success="True" time="0.000" asserts="0" />
                                    <test-case name="TestOneNestedBinary" executed="True" result="Success" success="True" time="0.000" asserts="0" />
                                    <test-case name="TestTwoBinaries" executed="True" result="Success" success="True" time="0.000" asserts="0" />
                                    <test-case name="TestTwoNestedBinaries" executed="True" result="Success" success="True" time="0.000" asserts="0" />
                                    <test-case name="TestBoolean" executed="True" result="Success" success="True" time="0.000" asserts="0" />
                                    <test-case name="TestDateTime" executed="True" result="Success" success="True" time="0.000" asserts="0" />
                                    <test-case name="TestDouble" executed="True" result="Success" success="True" time="0.000" asserts="0" />
                                    <test-case name="TestInt32" executed="True" result="Success" success="True" time="0.000" asserts="0" />
                                    <test-case name="TestInt64" executed="True" result="Success" success="True" time="0.000" asserts="0" />
                                    <test-case name="TestJavaScript" executed="True" result="Success" success="True" time="0.000" asserts="0" />
                                    <test-case name="TestJavaScriptWithScope" executed="True" result="Success" success="True" time="0.000" asserts="0" />
                                    <test-case name="TestMaxKey" executed="True" result="Success" success="True" time="0.000" asserts="0" />
                                    <test-case name="TestMinKey" executed="True" result="Success" success="True" time="0.000" asserts="0" />
                                    <test-case name="TestNull" executed="True" result="Success" success="True" time="0.000" asserts="0" />
                                    <test-case name="TestObjectId" executed="True" result="Success" success="True" time="0.000" asserts="0" />
                                    <test-case name="TestRegularExpression" executed="True" result="Success" success="True" time="0.000" asserts="0" />
                                    <test-case name="TestString" executed="True" result="Success" success="True" time="0.000" asserts="0" />
                                    <test-case name="TestSymbol" executed="True" result="Success" success="True" time="0.000" asserts="0" />
                                    <test-case name="TestTimestamp" executed="True" result="Success" success="True" time="0.000" asserts="0" />
                                    <test-case name="TestUndefined" executed="True" result="Success" success="True" time="0.000" asserts="0" />
                                  </results>
                                </test-suite>
                            </results>
                          </test-suite>
                          <test-suite type="Fixture" name="TTestBsonDocumentAllTypes" executed="True" result="Success" success="True" time="0.003" >
                            <results>
                              <test-case name="TestManualCreate" executed="True" result="Success" success="True" time="0.001" asserts="0" />
                              <test-case name="TestJsonFromFile" executed="True" result="Success" success="True" time="0.000" asserts="0" />
                              <test-case name="TestWriterSettings" executed="True" result="Success" success="True" time="0.003" asserts="0" />
                            </results>
                          </test-suite>
                          <test-suite type="Fixture" name="TTestObjectId" executed="True" result="Success" success="True" time="0.044" >
                            <results>
                              <test-case name="TestByteArrayConstructor" executed="True" result="Success" success="True" time="0.000" asserts="0" />
                              <test-case name="TestIntegerConstructor" executed="True" result="Success" success="True" time="0.000" asserts="0" />
                              <test-case name="TestIntegerConstructorWithInvalidIncrement" executed="True" result="Success" success="True" time="0.016" asserts="0" />
                              <test-case name="TestIntegerConstructorWithInvalidMachine" executed="True" result="Success" success="True" time="0.002" asserts="0" />
                              <test-case name="TestDateTimeConstructor" executed="True" result="Success" success="True" time="0.000" asserts="0" />
                              <test-case name="TestDateTimeConstructorAtEdgeOfRange" executed="True" result="Success" success="True" time="0.000" asserts="0" />
                              <test-case name="TestDateTimeConstructorOutOfRange" executed="True" result="Success" success="True" time="0.002" asserts="0" />
                              <test-case name="TestStringConstructor" executed="True" result="Success" success="True" time="0.000" asserts="0" />
                              <test-case name="TestGenerateNewId" executed="True" result="Success" success="True" time="0.000" asserts="0" />
                              <test-case name="TestGenerateNewIdWithDateTime" executed="True" result="Success" success="True" time="0.000" asserts="0" />
                              <test-case name="TestGenerateNewIdWithTimeStamp" executed="True" result="Success" success="True" time="0.000" asserts="0" />
                              <test-case name="TestOperators" executed="True" result="Success" success="True" time="0.000" asserts="0" />
                              <test-case name="TestCompareSmallerTimestamp" executed="True" result="Success" success="True" time="0.000" asserts="0" />
                              <test-case name="TestCompareSmallerMachine" executed="True" result="Success" success="True" time="0.000" asserts="0" />
                              <test-case name="TestCompareSmallerPid" executed="True" result="Success" success="True" time="0.000" asserts="0" />
                              <test-case name="TestCompareSmallerIncrement" executed="True" result="Success" success="True" time="0.000" asserts="0" />
                              <test-case name="TestCompareSmallerGeneratedId" executed="True" result="Success" success="True" time="0.000" asserts="0" />
                              <test-case name="TestParse" executed="True" result="Success" success="True" time="0.020" asserts="0" />
                              <test-case name="TestTryParse" executed="True" result="Success" success="True" time="0.001" asserts="0" />
                            </results>
                          </test-suite>
                          <test-suite type="Fixture" name="TTestBsonValueEquals" executed="True" result="Success" success="True" time="0.001" >
                            <results>
                              <test-case name="TestBsonArrayEquals" executed="True" result="Success" success="True" time="0.000" asserts="0" />
                              <test-case name="TestBsonBinaryDataEquals" executed="True" result="Success" success="True" time="0.000" asserts="0" />
                              <test-case name="TestBsonDocumentEquals" executed="True" result="Success" success="True" time="0.000" asserts="0" />
                              <test-case name="TestBsonJavaScriptEquals" executed="True" result="Success" success="True" time="0.000" asserts="0" />
                              <test-case name="TestBsonJavaScriptWithScopeEquals" executed="True" result="Success" success="True" time="0.000" asserts="0" />
                              <test-case name="TestBsonMaxKeyEquals" executed="True" result="Success" success="True" time="0.000" asserts="0" />
                              <test-case name="TestBsonMinKeyEquals" executed="True" result="Success" success="True" time="0.000" asserts="0" />
                              <test-case name="TestBsonNullEquals" executed="True" result="Success" success="True" time="0.000" asserts="0" />
                              <test-case name="TestBsonRegularExpressionEquals" executed="True" result="Success" success="True" time="0.000" asserts="0" />
                              <test-case name="TestBsonSymbolEquals" executed="True" result="Success" success="True" time="0.000" asserts="0" />
                              <test-case name="TestBsonTimestampEquals" executed="True" result="Success" success="True" time="0.000" asserts="0" />
                              <test-case name="TestBsonUndefinedEquals" executed="True" result="Success" success="True" time="0.000" asserts="0" />
                            </results>
                          </test-suite>
                          <test-suite type="Fixture" name="TTestBsonEquals" executed="True" result="Success" success="True" time="0.001" >
                            <results>
                              <test-case name="TestBsonArrayEquals" executed="True" result="Success" success="True" time="0.000" asserts="0" />
                              <test-case name="TestBsonBinaryDataEquals" executed="True" result="Success" success="True" time="0.000" asserts="0" />
                              <test-case name="TestBsonDocumentEquals" executed="True" result="Success" success="True" time="0.000" asserts="0" />
                              <test-case name="TestBsonElementEquals" executed="True" result="Success" success="True" time="0.000" asserts="0" />
                              <test-case name="TestBsonJavaScriptEquals" executed="True" result="Success" success="True" time="0.000" asserts="0" />
                              <test-case name="TestBsonJavaScriptWithScopeEquals" executed="True" result="Success" success="True" time="0.000" asserts="0" />
                              <test-case name="TestBsonObjectIdEquals" executed="True" result="Success" success="True" time="0.000" asserts="0" />
                              <test-case name="TestBsonSymbolEquals" executed="True" result="Success" success="True" time="0.000" asserts="0" />
                              <test-case name="TestBsonTimestampEquals" executed="True" result="Success" success="True" time="0.000" asserts="0" />
                            </results>
                          </test-suite>
                          <test-suite type="Fixture" name="TTestBsonArray" executed="True" result="Success" success="True" time="0.019" >
                            <results>
                              <test-case name="TestAdd" executed="True" result="Success" success="True" time="0.000" asserts="0" />
                              <test-case name="TestAddNil" executed="True" result="Success" success="True" time="0.016" asserts="0" />
                              <test-case name="TestClone" executed="True" result="Success" success="True" time="0.000" asserts="0" />
                              <test-case name="TestClear" executed="True" result="Success" success="True" time="0.000" asserts="0" />
                              <test-case name="TestContains" executed="True" result="Success" success="True" time="0.000" asserts="0" />
                              <test-case name="TestContainsNil" executed="True" result="Success" success="True" time="0.000" asserts="0" />
                              <test-case name="TestDeepClone" executed="True" result="Success" success="True" time="0.000" asserts="0" />
                              <test-case name="TestEquals" executed="True" result="Success" success="True" time="0.000" asserts="0" />
                              <test-case name="TestNotEquals" executed="True" result="Success" success="True" time="0.000" asserts="0" />
                              <test-case name="TestIndexer" executed="True" result="Success" success="True" time="0.000" asserts="0" />
                              <test-case name="TestIndexerSetNil" executed="True" result="Success" success="True" time="0.001" asserts="0" />
                              <test-case name="TestIndexOf" executed="True" result="Success" success="True" time="0.000" asserts="0" />
                              <test-case name="TestDelete" executed="True" result="Success" success="True" time="0.000" asserts="0" />
                              <test-case name="TestToArray" executed="True" result="Success" success="True" time="0.000" asserts="0" />
                            </results>
                          </test-suite>
                          <test-suite type="Fixture" name="TTestBsonDocument" executed="True" result="Success" success="True" time="0.002" >
                            <results>
                              <test-case name="TestAddArrayWithOneEntry" executed="True" result="Success" success="True" time="0.000" asserts="0" />
                              <test-case name="TestAddArrayWithTwoEntries" executed="True" result="Success" success="True" time="0.000" asserts="0" />
                              <test-case name="TestAddDocumentWithOneEntry" executed="True" result="Success" success="True" time="0.000" asserts="0" />
                              <test-case name="TestAddDocumentWithTwoEntries" executed="True" result="Success" success="True" time="0.000" asserts="0" />
                              <test-case name="TestAddDocumentWithNestedDocument" executed="True" result="Success" success="True" time="0.000" asserts="0" />
                              <test-case name="TestAutoIndexing" executed="True" result="Success" success="True" time="0.000" asserts="0" />
                              <test-case name="TestClear" executed="True" result="Success" success="True" time="0.000" asserts="0" />
                              <test-case name="TestClone" executed="True" result="Success" success="True" time="0.000" asserts="0" />
                              <test-case name="TestConstructorAllowDuplicateNames" executed="True" result="Success" success="True" time="0.000" asserts="0" />
                              <test-case name="TestConstructorElement" executed="True" result="Success" success="True" time="0.000" asserts="0" />
                              <test-case name="TestConstructorNameValue" executed="True" result="Success" success="True" time="0.000" asserts="0" />
                              <test-case name="TestConstructorNoArgs" executed="True" result="Success" success="True" time="0.000" asserts="0" />
                              <test-case name="TestContains" executed="True" result="Success" success="True" time="0.000" asserts="0" />
                              <test-case name="TestContainsValue" executed="True" result="Success" success="True" time="0.000" asserts="0" />
                              <test-case name="TestDeepClone" executed="True" result="Success" success="True" time="0.000" asserts="0" />
                              <test-case name="TestElementAccess" executed="True" result="Success" success="True" time="0.000" asserts="0" />
                              <test-case name="TestElementNameZeroLength" executed="True" result="Success" success="True" time="0.000" asserts="0" />
                              <test-case name="TestElementGetValueByIndex" executed="True" result="Success" success="True" time="0.000" asserts="0" />
                              <test-case name="TestElementGetValueByName" executed="True" result="Success" success="True" time="0.000" asserts="0" />
                              <test-case name="TestIndexer" executed="True" result="Success" success="True" time="0.000" asserts="0" />
                              <test-case name="TestIndexOfName" executed="True" result="Success" success="True" time="0.000" asserts="0" />
                              <test-case name="TestOperatorEqual" executed="True" result="Success" success="True" time="0.000" asserts="0" />
                              <test-case name="TestOperatorNotEqual" executed="True" result="Success" success="True" time="0.000" asserts="0" />
                              <test-case name="TestParse" executed="True" result="Success" success="True" time="0.000" asserts="0" />
                              <test-case name="TestRemove" executed="True" result="Success" success="True" time="0.000" asserts="0" />
                              <test-case name="TestDelete" executed="True" result="Success" success="True" time="0.000" asserts="0" />
                              <test-case name="TestSetByIndex" executed="True" result="Success" success="True" time="0.000" asserts="0" />
                              <test-case name="TestSetByName" executed="True" result="Success" success="True" time="0.000" asserts="0" />
                              <test-case name="TestSpecBsonAwesomeWithBsonDocument" executed="True" result="Success" success="True" time="0.000" asserts="0" />
                              <test-case name="TestSpecBsonAwesomeWithBsonWriter" executed="True" result="Success" success="True" time="0.000" asserts="0" />
                              <test-case name="TestSpecHelloWorldWithBsonDocument" executed="True" result="Success" success="True" time="0.000" asserts="0" />
                              <test-case name="TestSpecHelloWorldWithBsonWriter" executed="True" result="Success" success="True" time="0.000" asserts="0" />
                              <test-case name="TestTryGetElement" executed="True" result="Success" success="True" time="0.000" asserts="0" />
[...]
                                    <test-case name="TestSetCountIncrease" executed="True" result="Success" success="True" time="0.000" asserts="0" />
                                    <test-case name="TestSetCountDecrease" executed="True" result="Success" success="True" time="0.000" asserts="0" />
                                    <test-case name="TestDeleteRange" executed="True" result="Success" success="True" time="0.000" asserts="0" />
                                  </results>
                                </test-suite>
                                <test-suite type="Fixture" name="Extended&gt;" executed="True" result="Success" success="True" time="0.002" >
                                  <results>
                                    <test-case name="TestInit" executed="True" result="Success" success="True" time="0.000" asserts="0" />
                                    <test-case name="TestAdd" executed="True" result="Success" success="True" time="0.001" asserts="0" />
                                    <test-case name="TestInsert" executed="True" result="Success" success="True" time="0.001" asserts="0" />
                                    <test-case name="TestSimpleDelete" executed="True" result="Success" success="True" time="0.000" asserts="0" />
                                    <test-case name="TestMultipleDelete" executed="True" result="Success" success="True" time="0.000" asserts="0" />
                                    <test-case name="TestClear" executed="True" result="Success" success="True" time="0.000" asserts="0" />
                                    <test-case name="TestFirst" executed="True" result="Success" success="True" time="0.000" asserts="0" />
                                    <test-case name="TestLast" executed="True" result="Success" success="True" time="0.000" asserts="0" />
                                    <test-case name="TestGetEnumerator" executed="True" result="Success" success="True" time="0.000" asserts="0" />
                                    <test-case name="TestModify" executed="True" result="Success" success="True" time="0.000" asserts="0" />
                                    <test-case name="TestSetCountIncrease" executed="True" result="Success" success="True" time="0.000" asserts="0" />
                                    <test-case name="TestSetCountDecrease" executed="True" result="Success" success="True" time="0.000" asserts="0" />
                                    <test-case name="TestDeleteRange" executed="True" result="Success" success="True" time="0.000" asserts="0" />
                                  </results>
                                </test-suite>
                                <test-suite type="Fixture" name="Integer&gt;" executed="True" result="Success" success="True" time="0.002" >
                                  <results>
                                    <test-case name="TestInit" executed="True" result="Success" success="True" time="0.000" asserts="0" />
                                    <test-case name="TestAdd" executed="True" result="Success" success="True" time="0.000" asserts="0" />
                                    <test-case name="TestInsert" executed="True" result="Success" success="True" time="0.001" asserts="0" />
                                    <test-case name="TestSimpleDelete" executed="True" result="Success" success="True" time="0.000" asserts="0" />
                                    <test-case name="TestMultipleDelete" executed="True" result="Success" success="True" time="0.000" asserts="0" />
                                    <test-case name="TestClear" executed="True" result="Success" success="True" time="0.000" asserts="0" />
                                    <test-case name="TestFirst" executed="True" result="Success" success="True" time="0.000" asserts="0" />
                                    <test-case name="TestLast" executed="True" result="Success" success="True" time="0.000" asserts="0" />
                                    <test-case name="TestGetEnumerator" executed="True" result="Success" success="True" time="0.000" asserts="0" />
                                    <test-case name="TestModify" executed="True" result="Success" success="True" time="0.000" asserts="0" />
                                    <test-case name="TestSetCountIncrease" executed="True" result="Success" success="True" time="0.000" asserts="0" />
                                    <test-case name="TestSetCountDecrease" executed="True" result="Success" success="True" time="0.000" asserts="0" />
                                    <test-case name="TestDeleteRange" executed="True" result="Success" success="True" time="0.000" asserts="0" />
                                  </results>
                                </test-suite>
                                <test-suite type="Fixture" name="AnsiChar&gt;" executed="True" result="Success" success="True" time="0.002" >
                                  <results>
                                    <test-case name="TestInit" executed="True" result="Success" success="True" time="0.000" asserts="0" />
                                    <test-case name="TestAdd" executed="True" result="Success" success="True" time="0.001" asserts="0" />
                                    <test-case name="TestInsert" executed="True" result="Success" success="True" time="0.000" asserts="0" />
                                    <test-case name="TestSimpleDelete" executed="True" result="Success" success="True" time="0.000" asserts="0" />
                                    <test-case name="TestMultipleDelete" executed="True" result="Success" success="True" time="0.000" asserts="0" />
                                    <test-case name="TestClear" executed="True" result="Success" success="True" time="0.000" asserts="0" />
                                    <test-case name="TestFirst" executed="True" result="Success" success="True" time="0.000" asserts="0" />
                                    <test-case name="TestLast" executed="True" result="Success" success="True" time="0.000" asserts="0" />
                                    <test-case name="TestGetEnumerator" executed="True" result="Success" success="True" time="0.000" asserts="0" />
                                    <test-case name="TestModify" executed="True" result="Success" success="True" time="0.000" asserts="0" />
                                    <test-case name="TestSetCountIncrease" executed="True" result="Success" success="True" time="0.000" asserts="0" />
                                    <test-case name="TestSetCountDecrease" executed="True" result="Success" success="True" time="0.000" asserts="0" />
                                    <test-case name="TestDeleteRange" executed="True" result="Success" success="True" time="0.000" asserts="0" />
                                  </results>
                                </test-suite>
                                <test-suite type="Fixture" name="Word&gt;" executed="True" result="Success" success="True" time="0.002" >
                                  <results>
                                    <test-case name="TestInit" executed="True" result="Success" success="True" time="0.000" asserts="0" />
                                    <test-case name="TestAdd" executed="True" result="Success" success="True" time="0.000" asserts="0" />
                                    <test-case name="TestInsert" executed="True" result="Success" success="True" time="0.001" asserts="0" />
                                    <test-case name="TestSimpleDelete" executed="True" result="Success" success="True" time="0.000" asserts="0" />
                                    <test-case name="TestMultipleDelete" executed="True" result="Success" success="True" time="0.000" asserts="0" />
                                    <test-case name="TestClear" executed="True" result="Success" success="True" time="0.000" asserts="0" />
                                    <test-case name="TestFirst" executed="True" result="Success" success="True" time="0.000" asserts="0" />
                                    <test-case name="TestLast" executed="True" result="Success" success="True" time="0.000" asserts="0" />
                                    <test-case name="TestGetEnumerator" executed="True" result="Success" success="True" time="0.000" asserts="0" />
                                    <test-case name="TestModify" executed="True" result="Success" success="True" time="0.000" asserts="0" />
                                    <test-case name="TestSetCountIncrease" executed="True" result="Success" success="True" time="0.000" asserts="0" />
                                    <test-case name="TestSetCountDecrease" executed="True" result="Success" success="True" time="0.000" asserts="0" />
                                    <test-case name="TestDeleteRange" executed="True" result="Success" success="True" time="0.000" asserts="0" />
                                  </results>
                                </test-suite>
                                <test-suite type="Fixture" name="Byte&gt;" executed="True" result="Success" success="True" time="0.002" >
                                  <results>
                                    <test-case name="TestInit" executed="True" result="Success" success="True" time="0.000" asserts="0" />
                                    <test-case name="TestAdd" executed="True" result="Success" success="True" time="0.000" asserts="0" />
                                    <test-case name="TestInsert" executed="True" result="Success" success="True" time="0.001" asserts="0" />
                                    <test-case name="TestSimpleDelete" executed="True" result="Success" success="True" time="0.000" asserts="0" />
                                    <test-case name="TestMultipleDelete" executed="True" result="Success" success="True" time="0.000" asserts="0" />
                                    <test-case name="TestClear" executed="True" result="Success" success="True" time="0.000" asserts="0" />
                                    <test-case name="TestFirst" executed="True" result="Success" success="True" time="0.000" asserts="0" />
                                    <test-case name="TestLast" executed="True" result="Success" success="True" time="0.000" asserts="0" />
                                    <test-case name="TestGetEnumerator" executed="True" result="Success" success="True" time="0.000" asserts="0" />
                                    <test-case name="TestModify" executed="True" result="Success" success="True" time="0.000" asserts="0" />
                                    <test-case name="TestSetCountIncrease" executed="True" result="Success" success="True" time="0.000" asserts="0" />
                                    <test-case name="TestSetCountDecrease" executed="True" result="Success" success="True" time="0.000" asserts="0" />
                                    <test-case name="TestDeleteRange" executed="True" result="Success" success="True" time="0.000" asserts="0" />
                                  </results>
                                </test-suite>
                                <test-suite type="Fixture" name="Boolean&gt;" executed="True" result="Success" success="True" time="0.002" >
                                  <results>
                                    <test-case name="TestInit" executed="True" result="Success" success="True" time="0.000" asserts="0" />
                                    <test-case name="TestAdd" executed="True" result="Success" success="True" time="0.001" asserts="0" />
                                    <test-case name="TestInsert" executed="True" result="Success" success="True" time="0.000" asserts="0" />
                                    <test-case name="TestSimpleDelete" executed="True" result="Success" success="True" time="0.000" asserts="0" />
                                    <test-case name="TestMultipleDelete" executed="True" result="Success" success="True" time="0.000" asserts="0" />
                                    <test-case name="TestClear" executed="True" result="Success" success="True" time="0.000" asserts="0" />
                                    <test-case name="TestFirst" executed="True" result="Success" success="True" time="0.000" asserts="0" />
                                    <test-case name="TestLast" executed="True" result="Success" success="True" time="0.000" asserts="0" />
                                    <test-case name="TestGetEnumerator" executed="True" result="Success" success="True" time="0.000" asserts="0" />
                                    <test-case name="TestModify" executed="True" result="Success" success="True" time="0.000" asserts="0" />
                                    <test-case name="TestSetCountIncrease" executed="True" result="Success" success="True" time="0.000" asserts="0" />
                                    <test-case name="TestSetCountDecrease" executed="True" result="Success" success="True" time="0.000" asserts="0" />
                                    <test-case name="TestDeleteRange" executed="True" result="Success" success="True" time="0.000" asserts="0" />
                                  </results>
                                </test-suite>
                                <test-suite type="Fixture" name="TFooBarRecord&gt;" executed="True" result="Success" success="True" time="0.004" >
                                  <results>
                                    <test-case name="TestInit" executed="True" result="Success" success="True" time="0.000" asserts="0" />
                                    <test-case name="TestAdd" executed="True" result="Success" success="True" time="0.001" asserts="0" />
                                    <test-case name="TestInsert" executed="True" result="Success" success="True" time="0.001" asserts="0" />
                                    <test-case name="TestSimpleDelete" executed="True" result="Success" success="True" time="0.000" asserts="0" />
                                    <test-case name="TestMultipleDelete" executed="True" result="Success" success="True" time="0.000" asserts="0" />
                                    <test-case name="TestClear" executed="True" result="Success" success="True" time="0.001" asserts="0" />
                                    <test-case name="TestFirst" executed="True" result="Success" success="True" time="0.000" asserts="0" />
                                    <test-case name="TestLast" executed="True" result="Success" success="True" time="0.000" asserts="0" />
                                    <test-case name="TestGetEnumerator" executed="True" result="Success" success="True" time="0.000" asserts="0" />
                                    <test-case name="TestModify" executed="True" result="Success" success="True" time="0.000" asserts="0" />
                                    <test-case name="TestSetCountIncrease" executed="True" result="Success" success="True" time="0.000" asserts="0" />
                                    <test-case name="TestSetCountDecrease" executed="True" result="Success" success="True" time="0.000" asserts="0" />
                                    <test-case name="TestDeleteRange" executed="True" result="Success" success="True" time="0.000" asserts="0" />
                                  </results>
                                </test-suite>
                                <test-suite type="Fixture" name="Double&gt;" executed="True" result="Success" success="True" time="0.003" >
                                  <results>
                                    <test-case name="TestInit" executed="True" result="Success" success="True" time="0.000" asserts="0" />
                                    <test-case name="TestAdd" executed="True" result="Success" success="True" time="0.000" asserts="0" />
                                    <test-case name="TestInsert" executed="True" result="Success" success="True" time="0.001" asserts="0" />
                                    <test-case name="TestSimpleDelete" executed="True" result="Success" success="True" time="0.000" asserts="0" />
                                    <test-case name="TestMultipleDelete" executed="True" result="Success" success="True" time="0.000" asserts="0" />
                                    <test-case name="TestClear" executed="True" result="Success" success="True" time="0.000" asserts="0" />
                                    <test-case name="TestFirst" executed="True" result="Success" success="True" time="0.000" asserts="0" />
                                    <test-case name="TestLast" executed="True" result="Success" success="True" time="0.000" asserts="0" />
                                    <test-case name="TestGetEnumerator" executed="True" result="Success" success="True" time="0.000" asserts="0" />
                                    <test-case name="TestModify" executed="True" result="Success" success="True" time="0.000" asserts="0" />
                                    <test-case name="TestSetCountIncrease" executed="True" result="Success" success="True" time="0.000" asserts="0" />
                                    <test-case name="TestSetCountDecrease" executed="True" result="Success" success="True" time="0.000" asserts="0" />
                                    <test-case name="TestDeleteRange" executed="True" result="Success" success="True" time="0.000" asserts="0" />
                                  </results>
                                </test-suite>
                            </results>
                          </test-suite>
                          <test-suite type="Fixture" name="TTestTgoRingBuffer" executed="True" result="Success" success="True" time="0.036" >
                            <results>
                              <test-case name="TestReadWrite" executed="True" result="Success" success="True" time="0.000" asserts="0" />
                              <test-case name="TestTryReadWrite" executed="True" result="Success" success="True" time="0.036" asserts="0" />
                            </results>
                          </test-suite>
                      </results>
                    </test-suite>
                    <test-suite type="Fixture" name="TTestProtocolBuffers" executed="True" result="Success" success="True" time="0.001" >
                      <results>
                        <test-case name="TestPerson" executed="True" result="Success" success="True" time="0.001" asserts="0" />
                        <test-case name="TestPersonEx" executed="True" result="Success" success="True" time="0.000" asserts="0" />
                        <test-case name="TestPersonOutput" executed="True" result="Success" success="True" time="0.000" asserts="0" />
                        <test-case name="TestAllTypes" executed="True" result="Success" success="True" time="0.000" asserts="0" />
                        <test-case name="TestAllTypesOutput" executed="True" result="Success" success="True" time="0.000" asserts="0" />
                        <test-case name="TestInitialize" executed="True" result="Success" success="True" time="0.000" asserts="0" />
                        <test-case name="TestUnknownFields" executed="True" result="Success" success="True" time="0.000" asserts="0" />
                        <test-case name="TestDeserializeFromBuffer" executed="True" result="Success" success="True" time="0.000" asserts="0" />
                        <test-case name="TestDoubleDeserialization" executed="True" result="Success" success="True" time="0.000" asserts="0" />
                      </results>
                    </test-suite>
                </results>
              </test-suite>
          </results>
        </test-suite>
    </results>
  </test-suite>
</test-results>
